<?xml version="1.0" encoding="UTF-8"?>
<!-- Generated by org.testng.reporters.JUnitReportReporter -->
<testsuite hostname="DESKTOP-RE6L4UB" failures="0" tests="1" name="org.malitcode.test.ManagerLoginTest" time="11.260" errors="0" timestamp="2021-07-17T11:09:14 SAST" skipped="0">
  <testcase classname="org.malitcode.test.ManagerLoginTest" name="loginManager" time="11.260"/>
  <system-out/>
</testsuite> <!-- org.malitcode.test.ManagerLoginTest -->
