<?xml version="1.0" encoding="UTF-8"?>
<!-- Generated by org.testng.reporters.JUnitReportReporter -->
<testsuite hostname="DESKTOP-RE6L4UB" failures="0" tests="1" name="org.malitcode.test.CustomerLoginTest" time="24.624" errors="0" timestamp="2021-06-19T18:11:17 SAST" skipped="0">
  <testcase classname="org.malitcode.test.CustomerLoginTest" name="loginCustomer" time="24.624"/>
  <system-out>
Customer Login successfully executed <a target="_blank" href="C:\Users\workspace\Documents\screenshot\error.jpg">Screenshot</a> <br> <a target="_blank" href="C:\Users\workspace\Documents\screenshot\error.jpg"><img src="C:\Users\workspace\Documents\screenshot\error.jpg" height=200 width=200></img></a>  </system-out>
</testsuite> <!-- org.malitcode.test.CustomerLoginTest -->
