<?xml version="1.0" encoding="UTF-8"?>
<!-- Generated by org.testng.reporters.JUnitReportReporter -->
<testsuite hostname="DESKTOP-RE6L4UB" failures="0" tests="1" name="org.malitcode.test.CustomerLoginTest" time="24.945" errors="0" timestamp="2021-07-12T15:32:18 SAST" skipped="0">
  <testcase classname="org.malitcode.test.CustomerLoginTest" name="loginCustomer" time="24.945"/>
  <system-out/>
</testsuite> <!-- org.malitcode.test.CustomerLoginTest -->
