<?xml version="1.0" encoding="UTF-8"?>
<!-- Generated by org.testng.reporters.JUnitReportReporter -->
<testsuite hostname="DESKTOP-RE6L4UB" failures="0" tests="1" name="org.malitcode.test.CustomerLoginTest" time="21.331" errors="0" timestamp="2021-06-22T20:10:55 SAST" skipped="0">
  <testcase classname="org.malitcode.test.CustomerLoginTest" name="loginCustomer" time="21.331"/>
  <system-out/>
</testsuite> <!-- org.malitcode.test.CustomerLoginTest -->
