<?xml version="1.0" encoding="UTF-8"?>
<!-- Generated by org.testng.reporters.JUnitReportReporter -->
<testsuite hostname="DESKTOP-RE6L4UB" failures="0" tests="1" name="org.malitcode.test.ManagerLoginTest" time="30.203" errors="0" timestamp="2021-07-12T15:32:18 SAST" skipped="0">
  <testcase classname="org.malitcode.test.ManagerLoginTest" name="loginManager" time="30.203"/>
  <system-out>
Manager Login successfully executed  </system-out>
</testsuite> <!-- org.malitcode.test.ManagerLoginTest -->
