<?xml version="1.0" encoding="UTF-8"?>
<!-- Generated by org.testng.reporters.JUnitReportReporter -->
<testsuite hostname="DESKTOP-RE6L4UB" failures="0" tests="1" name="org.malitcode.test.CustomerWithdrawalTest" time="11.087" errors="0" timestamp="2021-07-17T11:09:14 SAST" skipped="0">
  <testcase classname="org.malitcode.test.CustomerWithdrawalTest" name="makeWidrawal" time="11.087"/>
  <system-out/>
</testsuite> <!-- org.malitcode.test.CustomerWithdrawalTest -->
