<?xml version="1.0" encoding="UTF-8"?>
<!-- Generated by org.testng.reporters.JUnitReportReporter -->
<testsuite hostname="DESKTOP-RE6L4UB" failures="0" tests="1" name="org.malitcode.test.CustomerLoginTest" time="9.685" errors="0" timestamp="2021-07-15T13:45:51 SAST" skipped="0">
  <testcase classname="org.malitcode.test.CustomerLoginTest" name="loginCustomer" time="9.685"/>
  <system-out/>
</testsuite> <!-- org.malitcode.test.CustomerLoginTest -->
