<?xml version="1.0" encoding="UTF-8"?>
<!-- Generated by org.testng.reporters.JUnitReportReporter -->
<testsuite hostname="DESKTOP-RE6L4UB" failures="0" tests="1" name="org.malitcode.test.CustomerWithdrawalTest" time="9.688" errors="0" timestamp="2021-07-15T13:45:51 SAST" skipped="0">
  <testcase classname="org.malitcode.test.CustomerWithdrawalTest" name="makeWidrawal" time="9.688"/>
  <system-out/>
</testsuite> <!-- org.malitcode.test.CustomerWithdrawalTest -->
