<?xml version="1.0" encoding="UTF-8"?>
<!-- Generated by org.testng.reporters.JUnitReportReporter -->
<testsuite hostname="DESKTOP-RE6L4UB" failures="0" tests="1" name="org.malitcode.test.ManagerLoginTest" time="30.241" errors="0" timestamp="2021-07-11T11:29:23 SAST" skipped="0">
  <testcase classname="org.malitcode.test.ManagerLoginTest" name="loginManager" time="30.241"/>
  <system-out>
Manager Login successfully executed  </system-out>
</testsuite> <!-- org.malitcode.test.ManagerLoginTest -->
